DataSetInfo              : [dataset] : Added class "Signal"
                         : Add Tree pi0tree of type Signal with 2054980 events
DataSetInfo              : [dataset] : Added class "Background"
                         : Add Tree pi0tree of type Background with 4933019 events
Model: "sequential_1"
_________________________________________________________________
Layer (type)                 Output Shape              Param #   
=================================================================
dense_1 (Dense)              (None, 32)                448       
_________________________________________________________________
dropout_1 (Dropout)          (None, 32)                0         
_________________________________________________________________
dense_2 (Dense)              (None, 32)                1056      
_________________________________________________________________
dropout_2 (Dropout)          (None, 32)                0         
_________________________________________________________________
dense_3 (Dense)              (None, 2)                 66        
=================================================================
Total params: 1,570
Trainable params: 1,570
Non-trainable params: 0
_________________________________________________________________
Factory                  : Booking method: [1mPyKeras[0m
                         : 
PyKeras                  : [dataset] : Create Transformation "G" with events from all classes.
                         : 
                         : Transformation, Variable selection : 
                         : Input : variable 'pi0p3' <---> Output : variable 'pi0p3'
                         : Input : variable 'pi0p3cms' <---> Output : variable 'pi0p3cms'
                         : Input : variable 'gm1e' <---> Output : variable 'gm1e'
                         : Input : variable 'gm2e' <---> Output : variable 'gm2e'
                         : Input : variable 'gm1e925' <---> Output : variable 'gm1e925'
                         : Input : variable 'gm2e925' <---> Output : variable 'gm2e925'
                         : Input : variable 'ediff' <---> Output : variable 'ediff'
                         : Input : variable 'gm1eerror' <---> Output : variable 'gm1eerror'
                         : Input : variable 'gm2eerror' <---> Output : variable 'gm2eerror'
                         : Input : variable 'gm1p3cms' <---> Output : variable 'gm1p3cms'
                         : Input : variable 'gm2p3cms' <---> Output : variable 'gm2p3cms'
                         : Input : variable 'gmthetacms' <---> Output : variable 'gmthetacms'
                         : Input : variable 'mfchi2' <---> Output : variable 'mfchi2'
                         : Load model from file: model.h5
Factory                  : Booking method: [1mGTB[0m
                         : 
Factory                  : Booking method: [1mBDT[0m
                         : 
DataSetFactory           : [dataset] : Number of events in input trees
                         : 
                         : 
                         : Number of training and testing events
                         : ---------------------------------------------------------------------------
                         : Signal     -- training events            : 2000
                         : Signal     -- testing events             : 2000
                         : Signal     -- training and testing events: 4000
                         : Background -- training events            : 2000
                         : Background -- testing events             : 2000
                         : Background -- training and testing events: 4000
                         : 
DataSetInfo              : Correlation matrix (Signal):
                         : -----------------------------------------------------------------------------------------------------------------------------
                         :               pi0p3 pi0p3cms    gm1e    gm2e gm1e925 gm2e925   ediff gm1eerror gm2eerror gm1p3cms gm2p3cms gmthetacms  mfchi2
                         :      pi0p3:  +1.000   +0.977  +0.959  +0.762  -0.174  -0.174  +0.745    +0.786    +0.676   +0.941   +0.761     -0.691  -0.199
                         :   pi0p3cms:  +0.977   +1.000  +0.937  +0.746  -0.157  -0.157  +0.727    +0.782    +0.678   +0.963   +0.781     -0.686  -0.178
                         :       gm1e:  +0.959   +0.937  +1.000  +0.551  -0.139  -0.139  +0.902    +0.847    +0.492   +0.978   +0.557     -0.624  -0.182
                         :       gm2e:  +0.762   +0.746  +0.551  +1.000  -0.203  -0.203  +0.137    +0.399    +0.885   +0.548   +0.980     -0.570  -0.192
                         :    gm1e925:  -0.174   -0.157  -0.139  -0.203  +1.000  +1.000  -0.060    -0.093    -0.212   -0.126   -0.183     +0.069  -0.036
                         :    gm2e925:  -0.174   -0.157  -0.139  -0.203  +1.000  +1.000  -0.060    -0.093    -0.212   -0.126   -0.183     +0.069  -0.036
                         :      ediff:  +0.745   +0.727  +0.902  +0.137  -0.060  -0.060  +1.000    +0.799    +0.127   +0.877   +0.156     -0.446  -0.117
                         :  gm1eerror:  +0.786   +0.782  +0.847  +0.399  -0.093  -0.093  +0.799    +1.000    +0.385   +0.842   +0.414     -0.394  -0.126
                         :  gm2eerror:  +0.676   +0.678  +0.492  +0.885  -0.212  -0.212  +0.127    +0.385    +1.000   +0.504   +0.884     -0.408  -0.143
                         :   gm1p3cms:  +0.941   +0.963  +0.978  +0.548  -0.126  -0.126  +0.877    +0.842    +0.504   +1.000   +0.585     -0.625  -0.165
                         :   gm2p3cms:  +0.761   +0.781  +0.557  +0.980  -0.183  -0.183  +0.156    +0.414    +0.884   +0.585   +1.000     -0.580  -0.176
                         : gmthetacms:  -0.691   -0.686  -0.624  -0.570  +0.069  +0.069  -0.446    -0.394    -0.408   -0.625   -0.580     +1.000  +0.176
                         :     mfchi2:  -0.199   -0.178  -0.182  -0.192  -0.036  -0.036  -0.117    -0.126    -0.143   -0.165   -0.176     +0.176  +1.000
                         : -----------------------------------------------------------------------------------------------------------------------------
DataSetInfo              : Correlation matrix (Background):
                         : -----------------------------------------------------------------------------------------------------------------------------
                         :               pi0p3 pi0p3cms    gm1e    gm2e gm1e925 gm2e925   ediff gm1eerror gm2eerror gm1p3cms gm2p3cms gmthetacms  mfchi2
                         :      pi0p3:  +1.000   +0.973  +0.971  +0.624  -0.014  -0.014  +0.870    +0.823    +0.476   +0.945   +0.618     -0.677  -0.137
                         :   pi0p3cms:  +0.973   +1.000  +0.952  +0.592  -0.007  -0.007  +0.859    +0.830    +0.457   +0.973   +0.635     -0.681  -0.124
                         :       gm1e:  +0.971   +0.952  +1.000  +0.434  -0.013  -0.013  +0.961    +0.884    +0.328   +0.977   +0.439     -0.585  -0.134
                         :       gm2e:  +0.624   +0.592  +0.434  +1.000  -0.018  -0.018  +0.167    +0.287    +0.805   +0.411   +0.957     -0.522  -0.113
                         :    gm1e925:  -0.014   -0.007  -0.013  -0.018  +1.000  +1.000  -0.009    -0.008    -0.043   -0.007   -0.013     -0.001  +0.026
                         :    gm2e925:  -0.014   -0.007  -0.013  -0.018  +1.000  +1.000  -0.009    -0.008    -0.043   -0.007   -0.013     -0.001  +0.026
                         :      ediff:  +0.870   +0.859  +0.961  +0.167  -0.009  -0.009  +1.000    +0.879    +0.111   +0.943   +0.186     -0.480  -0.112
                         :  gm1eerror:  +0.823   +0.830  +0.884  +0.287  -0.008  -0.008  +0.879    +1.000    +0.237   +0.887   +0.296     -0.348  -0.097
                         :  gm2eerror:  +0.476   +0.457  +0.328  +0.805  -0.043  -0.043  +0.111    +0.237    +1.000   +0.315   +0.768     -0.297  -0.093
                         :   gm1p3cms:  +0.945   +0.973  +0.977  +0.411  -0.007  -0.007  +0.943    +0.887    +0.315   +1.000   +0.448     -0.588  -0.121
                         :   gm2p3cms:  +0.618   +0.635  +0.439  +0.957  -0.013  -0.013  +0.186    +0.296    +0.768   +0.448   +1.000     -0.569  -0.105
                         : gmthetacms:  -0.677   -0.681  -0.585  -0.522  -0.001  -0.001  -0.480    -0.348    -0.297   -0.588   -0.569     +1.000  +0.078
                         :     mfchi2:  -0.137   -0.124  -0.134  -0.113  +0.026  +0.026  -0.112    -0.097    -0.093   -0.121   -0.105     +0.078  +1.000
                         : -----------------------------------------------------------------------------------------------------------------------------
DataSetFactory           : [dataset] :  
                         : 
Factory                  : [1mTrain all methods[0m
Factory                  : [dataset] : Create Transformation "I" with events from all classes.
                         : 
                         : Transformation, Variable selection : 
                         : Input : variable 'pi0p3' <---> Output : variable 'pi0p3'
                         : Input : variable 'pi0p3cms' <---> Output : variable 'pi0p3cms'
                         : Input : variable 'gm1e' <---> Output : variable 'gm1e'
                         : Input : variable 'gm2e' <---> Output : variable 'gm2e'
                         : Input : variable 'gm1e925' <---> Output : variable 'gm1e925'
                         : Input : variable 'gm2e925' <---> Output : variable 'gm2e925'
                         : Input : variable 'ediff' <---> Output : variable 'ediff'
                         : Input : variable 'gm1eerror' <---> Output : variable 'gm1eerror'
                         : Input : variable 'gm2eerror' <---> Output : variable 'gm2eerror'
                         : Input : variable 'gm1p3cms' <---> Output : variable 'gm1p3cms'
                         : Input : variable 'gm2p3cms' <---> Output : variable 'gm2p3cms'
                         : Input : variable 'gmthetacms' <---> Output : variable 'gmthetacms'
                         : Input : variable 'mfchi2' <---> Output : variable 'mfchi2'
Factory                  : [dataset] : Create Transformation "G" with events from all classes.
                         : 
                         : Transformation, Variable selection : 
                         : Input : variable 'pi0p3' <---> Output : variable 'pi0p3'
                         : Input : variable 'pi0p3cms' <---> Output : variable 'pi0p3cms'
                         : Input : variable 'gm1e' <---> Output : variable 'gm1e'
                         : Input : variable 'gm2e' <---> Output : variable 'gm2e'
                         : Input : variable 'gm1e925' <---> Output : variable 'gm1e925'
                         : Input : variable 'gm2e925' <---> Output : variable 'gm2e925'
                         : Input : variable 'ediff' <---> Output : variable 'ediff'
                         : Input : variable 'gm1eerror' <---> Output : variable 'gm1eerror'
                         : Input : variable 'gm2eerror' <---> Output : variable 'gm2eerror'
                         : Input : variable 'gm1p3cms' <---> Output : variable 'gm1p3cms'
                         : Input : variable 'gm2p3cms' <---> Output : variable 'gm2p3cms'
                         : Input : variable 'gmthetacms' <---> Output : variable 'gmthetacms'
                         : Input : variable 'mfchi2' <---> Output : variable 'mfchi2'
                         : Preparing the Gaussian transformation...
TFHandler_Factory        :   Variable          Mean          RMS   [        Min          Max ]
                         : ---------------------------------------------------------------------
                         :      pi0p3:    0.014382      1.0008   [     -2.9058      5.7307 ]
                         :   pi0p3cms:    0.014756     0.99991   [     -2.9075      5.7307 ]
                         :       gm1e:    0.015259      1.0031   [     -2.9024      5.7307 ]
                         :       gm2e:    0.014922      1.0022   [     -2.7659      5.7307 ]
                         :    gm1e925:     0.78242      2.1558   [     -2.8642      5.7307 ]
                         :    gm2e925:     0.78242      2.1558   [     -2.8642      5.7307 ]
                         :      ediff:    0.016716      1.0099   [     -2.8407      5.7307 ]
                         :  gm1eerror:    0.013354     0.99126   [     -2.6112      5.7307 ]
                         :  gm2eerror:    0.014026     0.99223   [     -2.6473      5.7307 ]
                         :   gm1p3cms:    0.013997     0.99846   [     -2.9029      5.7307 ]
                         :   gm2p3cms:    0.014001     0.99794   [     -2.8929      5.7307 ]
                         : gmthetacms:    0.016418      1.0068   [     -2.9075      5.7307 ]
                         :     mfchi2:    0.018573     0.99993   [     -2.2111      5.7307 ]
                         : ---------------------------------------------------------------------
                         : Ranking input variables (method unspecific)...
Id_GaussTransformation   : Ranking result (top variable is best ranked)
                         : -----------------------------------
                         : Rank : Variable   : Separation
                         : -----------------------------------
                         :    1 : pi0p3      : 1.979e-01
                         :    2 : mfchi2     : 1.841e-01
                         :    3 : gmthetacms : 1.838e-01
                         :    4 : gm2e       : 1.757e-01
                         :    5 : pi0p3cms   : 1.707e-01
                         :    6 : gm1e       : 1.704e-01
                         :    7 : gm1eerror  : 1.614e-01
                         :    8 : gm2eerror  : 1.564e-01
                         :    9 : gm1p3cms   : 1.487e-01
                         :   10 : gm2p3cms   : 1.482e-01
                         :   11 : ediff      : 8.646e-02
                         :   12 : gm1e925    : 6.481e-02
                         :   13 : gm2e925    : 6.481e-02
                         : -----------------------------------
Factory                  : Train method: PyKeras for Classification
                         : 
                         : 
                         : [1m================================================================[0m
                         : [1mH e l p   f o r   M V A   m e t h o d   [ PyKeras ] :[0m
                         : 
                         : Keras is a high-level API for the Theano and Tensorflow packages.
                         : This method wraps the training and predictions steps of the Keras
                         : Python package for TMVA, so that dataloading, preprocessing and
                         : evaluation can be done within the TMVA system. To use this Keras
                         : interface, you have to generate a model with Keras first. Then,
                         : this model can be loaded and trained in TMVA.
                         : 
                         : 
                         : <Suppress this message by specifying "!H" in the booking option>
                         : [1m================================================================[0m
                         : 
                         : Preparing the Gaussian transformation...
TFHandler_PyKeras        :   Variable          Mean          RMS   [        Min          Max ]
                         : ---------------------------------------------------------------------
                         :      pi0p3:    0.014382      1.0008   [     -2.9058      5.7307 ]
                         :   pi0p3cms:    0.014756     0.99991   [     -2.9075      5.7307 ]
                         :       gm1e:    0.015259      1.0031   [     -2.9024      5.7307 ]
                         :       gm2e:    0.014922      1.0022   [     -2.7659      5.7307 ]
                         :    gm1e925:     0.78242      2.1558   [     -2.8642      5.7307 ]
                         :    gm2e925:     0.78242      2.1558   [     -2.8642      5.7307 ]
                         :      ediff:    0.016716      1.0099   [     -2.8407      5.7307 ]
                         :  gm1eerror:    0.013354     0.99126   [     -2.6112      5.7307 ]
                         :  gm2eerror:    0.014026     0.99223   [     -2.6473      5.7307 ]
                         :   gm1p3cms:    0.013997     0.99846   [     -2.9029      5.7307 ]
                         :   gm2p3cms:    0.014001     0.99794   [     -2.8929      5.7307 ]
                         : gmthetacms:    0.016418      1.0068   [     -2.9075      5.7307 ]
                         :     mfchi2:    0.018573     0.99993   [     -2.2111      5.7307 ]
                         : ---------------------------------------------------------------------
                         : Option SaveBestOnly: Only model weights with smallest validation loss will be stored
Train on 4000 samples, validate on 4000 samples
Epoch 1/10

  32/4000 [..............................] - ETA: 18s - loss: 1.1548 - categorical_accuracy: 0.5312
1568/4000 [==========>...................] - ETA: 0s - loss: 0.9256 - categorical_accuracy: 0.5204 
3264/4000 [=======================>......] - ETA: 0s - loss: 0.8028 - categorical_accuracy: 0.5637
4000/4000 [==============================] - 0s 99us/step - loss: 0.7772 - categorical_accuracy: 0.5763 - val_loss: 0.5740 - val_categorical_accuracy: 0.6985

Epoch 00001: val_loss improved from inf to 0.57405, saving model to dataset/weights/TrainedModel_PyKeras.h5
Epoch 2/10

  32/4000 [..............................] - ETA: 0s - loss: 0.8337 - categorical_accuracy: 0.6562
1632/4000 [===========>..................] - ETA: 0s - loss: 0.6554 - categorical_accuracy: 0.6501
3232/4000 [=======================>......] - ETA: 0s - loss: 0.6473 - categorical_accuracy: 0.6433
4000/4000 [==============================] - 0s 51us/step - loss: 0.6432 - categorical_accuracy: 0.6485 - val_loss: 0.5638 - val_categorical_accuracy: 0.7120

Epoch 00002: val_loss improved from 0.57405 to 0.56385, saving model to dataset/weights/TrainedModel_PyKeras.h5
Epoch 3/10

  32/4000 [..............................] - ETA: 0s - loss: 0.6392 - categorical_accuracy: 0.5938
1568/4000 [==========>...................] - ETA: 0s - loss: 0.6054 - categorical_accuracy: 0.6754
3200/4000 [=======================>......] - ETA: 0s - loss: 0.6142 - categorical_accuracy: 0.6681
4000/4000 [==============================] - 0s 51us/step - loss: 0.6167 - categorical_accuracy: 0.6683 - val_loss: 0.5680 - val_categorical_accuracy: 0.7157

Epoch 00003: val_loss did not improve from 0.56385
Epoch 4/10

  32/4000 [..............................] - ETA: 0s - loss: 0.6016 - categorical_accuracy: 0.6562
1632/4000 [===========>..................] - ETA: 0s - loss: 0.5837 - categorical_accuracy: 0.7108
3072/4000 [======================>.......] - ETA: 0s - loss: 0.5853 - categorical_accuracy: 0.6943
4000/4000 [==============================] - 0s 52us/step - loss: 0.5906 - categorical_accuracy: 0.6970 - val_loss: 0.5541 - val_categorical_accuracy: 0.7220

Epoch 00004: val_loss improved from 0.56385 to 0.55406, saving model to dataset/weights/TrainedModel_PyKeras.h5
Epoch 5/10

  32/4000 [..............................] - ETA: 0s - loss: 0.5974 - categorical_accuracy: 0.5938
1568/4000 [==========>...................] - ETA: 0s - loss: 0.5816 - categorical_accuracy: 0.7034
3200/4000 [=======================>......] - ETA: 0s - loss: 0.5773 - categorical_accuracy: 0.7103
4000/4000 [==============================] - 0s 51us/step - loss: 0.5765 - categorical_accuracy: 0.7095 - val_loss: 0.5460 - val_categorical_accuracy: 0.7245

Epoch 00005: val_loss improved from 0.55406 to 0.54604, saving model to dataset/weights/TrainedModel_PyKeras.h5
Epoch 6/10

  32/4000 [..............................] - ETA: 0s - loss: 0.4985 - categorical_accuracy: 0.7500
1600/4000 [===========>..................] - ETA: 0s - loss: 0.5662 - categorical_accuracy: 0.7262
3200/4000 [=======================>......] - ETA: 0s - loss: 0.5778 - categorical_accuracy: 0.7169
4000/4000 [==============================] - 0s 51us/step - loss: 0.5797 - categorical_accuracy: 0.7128 - val_loss: 0.5470 - val_categorical_accuracy: 0.7293

Epoch 00006: val_loss did not improve from 0.54604
Epoch 7/10

  32/4000 [..............................] - ETA: 0s - loss: 0.7274 - categorical_accuracy: 0.6250
1600/4000 [===========>..................] - ETA: 0s - loss: 0.5765 - categorical_accuracy: 0.7119
3296/4000 [=======================>......] - ETA: 0s - loss: 0.5770 - categorical_accuracy: 0.7093
4000/4000 [==============================] - 0s 51us/step - loss: 0.5792 - categorical_accuracy: 0.7103 - val_loss: 0.5452 - val_categorical_accuracy: 0.7297

Epoch 00007: val_loss improved from 0.54604 to 0.54523, saving model to dataset/weights/TrainedModel_PyKeras.h5
Epoch 8/10

  32/4000 [..............................] - ETA: 0s - loss: 0.7036 - categorical_accuracy: 0.6875
1600/4000 [===========>..................] - ETA: 0s - loss: 0.5770 - categorical_accuracy: 0.7131
3200/4000 [=======================>......] - ETA: 0s - loss: 0.5715 - categorical_accuracy: 0.7128
4000/4000 [==============================] - 0s 52us/step - loss: 0.5683 - categorical_accuracy: 0.7138 - val_loss: 0.5393 - val_categorical_accuracy: 0.7352

Epoch 00008: val_loss improved from 0.54523 to 0.53933, saving model to dataset/weights/TrainedModel_PyKeras.h5
Epoch 9/10

  32/4000 [..............................] - ETA: 0s - loss: 0.5993 - categorical_accuracy: 0.6562
1600/4000 [===========>..................] - ETA: 0s - loss: 0.5634 - categorical_accuracy: 0.7381
3136/4000 [======================>.......] - ETA: 0s - loss: 0.5655 - categorical_accuracy: 0.7270
4000/4000 [==============================] - 0s 51us/step - loss: 0.5659 - categorical_accuracy: 0.7225 - val_loss: 0.5408 - val_categorical_accuracy: 0.7372

Epoch 00009: val_loss did not improve from 0.53933
Epoch 10/10

  32/4000 [..............................] - ETA: 0s - loss: 0.5005 - categorical_accuracy: 0.7812
1568/4000 [==========>...................] - ETA: 0s - loss: 0.5493 - categorical_accuracy: 0.7245
3200/4000 [=======================>......] - ETA: 0s - loss: 0.5627 - categorical_accuracy: 0.7169
4000/4000 [==============================] - 0s 51us/step - loss: 0.5613 - categorical_accuracy: 0.7180 - val_loss: 0.5410 - val_categorical_accuracy: 0.7377

Epoch 00010: val_loss did not improve from 0.53933
                         : Elapsed time for training with 4000 events: [1;31m2.92 sec[0m         
                         : Creating xml weight file: [0;36mdataset/weights/TMVAClassification_PyKeras.weights.xml[0m
                         : Creating standalone class: [0;36mdataset/weights/TMVAClassification_PyKeras.class.C[0m
Factory                  : Training finished
                         : 
Factory                  : Train method: GTB for Classification
                         : 
                         : 
                         : [1m================================================================[0m
                         : [1mH e l p   f o r   M V A   m e t h o d   [ GTB ] :[0m
                         : A gradient tree boosting classifier builds a model from an ensemble
                         : of decision trees, which are adapted each boosting step to fit better
                         : to previously misclassified events.
                         : 
                         : Check out the scikit-learn documentation for more information.
                         : 
                         : <Suppress this message by specifying "!H" in the booking option>
                         : [1m================================================================[0m
                         : 
                         : 
                         : [1mSaving state file: [0mdataset/weights/PyGTBModel_GTB.PyData
                         : 
                         : Elapsed time for training with 4000 events: [1;31m1.32 sec[0m         
                         : Creating xml weight file: [0;36mdataset/weights/TMVAClassification_GTB.weights.xml[0m
                         : Creating standalone class: [0;36mdataset/weights/TMVAClassification_GTB.class.C[0m
Factory                  : Training finished
                         : 
Factory                  : Train method: BDT for Classification
                         : 
BDT                      : #events: (reweighted) sig: 2000 bkg: 2000
                         : #events: (unweighted) sig: 2000 bkg: 2000
                         : Training 10 Decision Trees ... patience please
                         : Elapsed time for training with 4000 events: [1;31m0.0679 sec[0m         
BDT                      : [dataset] : Evaluation of BDT on training sample (4000 events)
                         : Elapsed time for evaluation of 4000 events: [1;31m0.00628 sec[0m       
                         : Creating xml weight file: [0;36mdataset/weights/TMVAClassification_BDT.weights.xml[0m
                         : Creating standalone class: [0;36mdataset/weights/TMVAClassification_BDT.class.C[0m
                         : MVAOutput.root:/dataset/Method_BDT/BDT
Factory                  : Training finished
                         : 
                         : Ranking input variables (method specific)...
                         : No variable ranking supplied by classifier: PyKeras
GTB                      : Ranking result (top variable is best ranked)
                         : --------------------------------------------
                         : Rank : Variable   : Variable Importance
                         : --------------------------------------------
                         :    1 : mfchi2     : 3.035e-01
                         :    2 : pi0p3      : 1.816e-01
                         :    3 : gm2e       : 1.067e-01
                         :    4 : gmthetacms : 7.601e-02
                         :    5 : gm2p3cms   : 5.889e-02
                         :    6 : gm1e925    : 4.711e-02
                         :    7 : gm1p3cms   : 3.939e-02
                         :    8 : pi0p3cms   : 3.872e-02
                         :    9 : ediff      : 3.546e-02
                         :   10 : gm2e925    : 3.157e-02
                         :   11 : gm1eerror  : 3.144e-02
                         :   12 : gm1e       : 2.775e-02
                         :   13 : gm2eerror  : 2.192e-02
                         : --------------------------------------------
BDT                      : Ranking result (top variable is best ranked)
                         : --------------------------------------------
                         : Rank : Variable   : Variable Importance
                         : --------------------------------------------
                         :    1 : mfchi2     : 2.099e-01
                         :    2 : gmthetacms : 1.902e-01
                         :    3 : pi0p3      : 1.774e-01
                         :    4 : gm2e       : 1.327e-01
                         :    5 : gm2eerror  : 1.129e-01
                         :    6 : gm1e925    : 6.153e-02
                         :    7 : gm1p3cms   : 2.637e-02
                         :    8 : gm1eerror  : 2.464e-02
                         :    9 : gm1e       : 2.436e-02
                         :   10 : gm2p3cms   : 2.075e-02
                         :   11 : ediff      : 1.209e-02
                         :   12 : pi0p3cms   : 7.202e-03
                         :   13 : gm2e925    : 0.000e+00
                         : --------------------------------------------
Factory                  : === Destroy and recreate all methods via weight files for testing ===
                         : 
Factory                  : [1mTest all methods[0m
Factory                  : Test method: PyKeras for Classification performance
                         : 
                         : Load model from file: dataset/weights/TrainedModel_PyKeras.h5
Factory                  : Test method: GTB for Classification performance
                         : 
                         : 
                         : [1mLoading state file: [0mdataset/weights/PyGTBModel_GTB.PyData
                         : 
Factory                  : Test method: BDT for Classification performance
                         : 
BDT                      : [dataset] : Evaluation of BDT on testing sample (4000 events)
                         : Elapsed time for evaluation of 4000 events: [1;31m0.00601 sec[0m       
Factory                  : [1mEvaluate all methods[0m
Factory                  : Evaluate classifier: PyKeras
                         : 
TFHandler_PyKeras        :   Variable          Mean          RMS   [        Min          Max ]
                         : ---------------------------------------------------------------------
                         :      pi0p3:    0.011224      1.0115   [     -5.7307      5.7307 ]
                         :   pi0p3cms:    0.015912      1.0044   [     -3.0009      5.7307 ]
                         :       gm1e:    0.014176      1.0003   [     -3.0075      5.7307 ]
                         :       gm2e:   0.0038401     0.99541   [     -2.7724      5.7307 ]
                         :    gm1e925:     0.79383      2.1558   [     -2.6479      5.7307 ]
                         :    gm2e925:     0.79383      2.1558   [     -2.6479      5.7307 ]
                         :      ediff:    0.014554      1.0116   [     -2.8026      5.7307 ]
                         :  gm1eerror:    0.015983     0.99485   [     -2.6369      5.7307 ]
                         :  gm2eerror:   0.0052741     0.99159   [     -2.6473      5.7307 ]
                         :   gm1p3cms:    0.014138      1.0027   [     -5.7307      5.7307 ]
                         :   gm2p3cms:   0.0060788      1.0011   [     -3.1839      5.7307 ]
                         : gmthetacms:    0.018962     0.99882   [     -3.4565      5.7307 ]
                         :     mfchi2:    0.015674     0.99811   [     -2.2110      5.7307 ]
                         : ---------------------------------------------------------------------
PyKeras                  : [dataset] : Loop over test events and fill histograms with classifier response...
                         : 
TFHandler_PyKeras        :   Variable          Mean          RMS   [        Min          Max ]
                         : ---------------------------------------------------------------------
                         :      pi0p3:    0.011224      1.0115   [     -5.7307      5.7307 ]
                         :   pi0p3cms:    0.015912      1.0044   [     -3.0009      5.7307 ]
                         :       gm1e:    0.014176      1.0003   [     -3.0075      5.7307 ]
                         :       gm2e:   0.0038401     0.99541   [     -2.7724      5.7307 ]
                         :    gm1e925:     0.79383      2.1558   [     -2.6479      5.7307 ]
                         :    gm2e925:     0.79383      2.1558   [     -2.6479      5.7307 ]
                         :      ediff:    0.014554      1.0116   [     -2.8026      5.7307 ]
                         :  gm1eerror:    0.015983     0.99485   [     -2.6369      5.7307 ]
                         :  gm2eerror:   0.0052741     0.99159   [     -2.6473      5.7307 ]
                         :   gm1p3cms:    0.014138      1.0027   [     -5.7307      5.7307 ]
                         :   gm2p3cms:   0.0060788      1.0011   [     -3.1839      5.7307 ]
                         : gmthetacms:    0.018962     0.99882   [     -3.4565      5.7307 ]
                         :     mfchi2:    0.015674     0.99811   [     -2.2110      5.7307 ]
                         : ---------------------------------------------------------------------
Factory                  : Evaluate classifier: GTB
                         : 
GTB                      : [dataset] : Loop over test events and fill histograms with classifier response...
                         : 
TFHandler_GTB            :   Variable          Mean          RMS   [        Min          Max ]
                         : ---------------------------------------------------------------------
                         :      pi0p3:     0.50730     0.46247   [   0.0010822      4.2252 ]
                         :   pi0p3cms:     0.64623     0.61981   [   0.0094638      5.9243 ]
                         :       gm1e:     0.37849     0.35549   [    0.064340      4.1162 ]
                         :       gm2e:     0.15771     0.13626   [    0.060001      1.5385 ]
                         :    gm1e925:     0.95454    0.057494   [     0.39044      1.0000 ]
                         :    gm2e925:     0.95454    0.057494   [     0.39044      1.0000 ]
                         :      ediff:     0.22078     0.30010   [  4.7304e-05      4.0092 ]
                         :  gm1eerror:  0.00010403  0.00026519   [  1.9603e-06   0.0051441 ]
                         :  gm2eerror:  1.9503e-05  5.1093e-05   [  1.7280e-06   0.0012737 ]
                         :   gm1p3cms:     0.47425     0.47970   [    0.048187      5.6465 ]
                         :   gm2p3cms:     0.19566     0.18325   [    0.043920      2.1753 ]
                         : gmthetacms:     0.78546     0.52950   [    0.047489      3.0437 ]
                         :     mfchi2:      8.9572      11.428   [  1.0747e-06      49.996 ]
                         : ---------------------------------------------------------------------
Factory                  : Evaluate classifier: BDT
                         : 
BDT                      : [dataset] : Loop over test events and fill histograms with classifier response...
                         : 
TFHandler_BDT            :   Variable          Mean          RMS   [        Min          Max ]
                         : ---------------------------------------------------------------------
                         :      pi0p3:     0.50730     0.46247   [   0.0010822      4.2252 ]
                         :   pi0p3cms:     0.64623     0.61981   [   0.0094638      5.9243 ]
                         :       gm1e:     0.37849     0.35549   [    0.064340      4.1162 ]
                         :       gm2e:     0.15771     0.13626   [    0.060001      1.5385 ]
                         :    gm1e925:     0.95454    0.057494   [     0.39044      1.0000 ]
                         :    gm2e925:     0.95454    0.057494   [     0.39044      1.0000 ]
                         :      ediff:     0.22078     0.30010   [  4.7304e-05      4.0092 ]
                         :  gm1eerror:  0.00010403  0.00026519   [  1.9603e-06   0.0051441 ]
                         :  gm2eerror:  1.9503e-05  5.1093e-05   [  1.7280e-06   0.0012737 ]
                         :   gm1p3cms:     0.47425     0.47970   [    0.048187      5.6465 ]
                         :   gm2p3cms:     0.19566     0.18325   [    0.043920      2.1753 ]
                         : gmthetacms:     0.78546     0.52950   [    0.047489      3.0437 ]
                         :     mfchi2:      8.9572      11.428   [  1.0747e-06      49.996 ]
                         : ---------------------------------------------------------------------
                         : 
                         : Evaluation results ranked by best signal efficiency and purity (area)
                         : -------------------------------------------------------------------------------------------------------------------
                         : DataSet       MVA                       
                         : Name:         Method:          ROC-integ
                         : dataset       GTB            : 0.815
                         : dataset       BDT            : 0.813
                         : dataset       PyKeras        : 0.811
                         : -------------------------------------------------------------------------------------------------------------------
                         : 
                         : Testing efficiency compared to training efficiency (overtraining check)
                         : -------------------------------------------------------------------------------------------------------------------
                         : DataSet              MVA              Signal efficiency: from test sample (from training sample) 
                         : Name:                Method:          @B=0.01             @B=0.10            @B=0.30   
                         : -------------------------------------------------------------------------------------------------------------------
                         : dataset              GTB            : 0.162 (0.529)       0.518 (0.772)      0.768 (0.886)
                         : dataset              BDT            : 0.162 (0.179)       0.530 (0.548)      0.765 (0.795)
                         : dataset              PyKeras        : 0.187 (0.172)       0.490 (0.496)      0.769 (0.767)
                         : -------------------------------------------------------------------------------------------------------------------
                         : 
Dataset:dataset          : Created tree 'TestTree' with 4000 events
                         : 
Dataset:dataset          : Created tree 'TrainTree' with 4000 events
                         : 
Factory                  : [1mThank you for using TMVA![0m
                         : [1mFor citation information, please visit: http://tmva.sf.net/citeTMVA.html[0m
