
[1mRooFit v3.60 -- Developed by Wouter Verkerke and David Kirkby[0m 
                Copyright (C) 2000-2013 NIKHEF, University of California & Stanford University
                All rights reserved, please read http://roofit.sourceforge.net/license.txt

(MyDblCB) An instance of MyDblCB.
[#1] INFO:DataHandling -- RooAbsReal::attachToTree(bcsflag) TTree Int_t branch bcsflag will be converted to double precision.
[#1] INFO:DataHandling -- RooAbsReal::attachToTree(nb) TTree Float_t branch nb will be converted to double precision.
[#1] INFO:DataHandling -- RooTreeDataStore::loadValues(data) Skipping event #2 because deltam cannot accommodate the value 0.152175
[#1] INFO:DataHandling -- RooTreeDataStore::loadValues(data) Skipping event #8 because deltam cannot accommodate the value 0.153169
[#1] INFO:DataHandling -- RooTreeDataStore::loadValues(data) Skipping event #11 because deltam cannot accommodate the value 0.153324
[#1] INFO:DataHandling -- RooTreeDataStore::loadValues(data) Skipping event #13 because deltam cannot accommodate the value 0.154628
[#1] INFO:DataHandling -- RooTreeDataStore::loadValues(data) Skipping ...
[#0] WARNING:DataHandling -- RooTreeDataStore::loadValues(data) Ignored 1029715 out-of-range events
[#1] INFO:Minization -- p.d.f. provides expected number of events, including extended term in likelihood.
[#1] INFO:Fitting -- RooAbsOptTestStatistic::ctor(nll_pdf_data) constructing test statistic for sub-range named Full
[#1] INFO:Eval -- RooRealVar::setRange(deltam) new range named 'NormalizationRangeForFull' created with bounds [0.14,0.152]
[#1] INFO:Eval -- RooRealVar::setRange(deltam) new range named 'fit_nll_pdf_data' created with bounds [0.14,0.152]
[#0] WARNING:Fitting -- None of the fit observables seem to know the range 'Full'. This means that the full range will be used.
[#1] INFO:Fitting -- RooAbsOptTestStatistic::ctor(nll_pdf_data) fixing interpretation of coefficients of any RooAddPdf to full domain of observables 
[#1] INFO:NumericIntegration -- RooRealIntegral::init(bkg_Int[deltam]) using numeric integrator RooIntegrator1D to calculate Int(deltam)
[#1] INFO:Minization -- RooMinimizer::optimizeConst: activating const optimization
[#1] INFO:NumericIntegration -- RooRealIntegral::init(bkg_Int[deltam]) using numeric integrator RooIntegrator1D to calculate Int(deltam)
[#1] INFO:Minization --  The following expressions will be evaluated in cache-and-track mode: (gauss,bifurG,bkg)
 **********
 **    1 **SET PRINT           1
 **********
 **********
 **    2 **SET NOGRAD
 **********
 PARAMETER DEFINITIONS:
    NO.   NAME         VALUE      STEP SIZE      LIMITS
     1 #mu          1.45450e-01  3.00000e-05    1.45300e-01  1.45600e-01
     2 #sigma       4.00000e-04  6.00000e-05    1.00000e-04  7.00000e-04
     3 #sigma_{L}   1.05000e-03  9.00000e-05    6.00000e-04  1.50000e-03
     4 #sigma_{R}   1.15000e-03  1.10000e-04    6.00000e-04  1.70000e-03
     5 A            0.00000e+00  1.00000e+01   -5.00000e+01  5.00000e+01
     6 B            0.00000e+00  1.00000e+01   -5.00000e+01  5.00000e+01
     7 C            1.50000e-01  3.00000e-02    0.00000e+00  3.00000e-01
     8 N_{Bkg}      5.00000e+06  1.00000e+06    0.00000e+00  1.00000e+07
     9 N_{Signal}   9.00000e+03  1.80000e+03    0.00000e+00  1.80000e+04
    10 R            5.00000e-01  1.00000e-01    0.00000e+00  1.00000e+00
    11 m_{0}        1.40250e-01  3.50000e-04    1.38500e-01  1.42000e-01
 **********
 **    3 **SET ERR         0.5
 **********
 **********
 **    4 **SET PRINT           1
 **********
 **********
 **    5 **SET STR           1
 **********
 NOW USING STRATEGY  1: TRY TO BALANCE SPEED AGAINST RELIABILITY
 **********
 **    6 **MIGRAD        5500           1
 **********
 FIRST CALL TO USER FUNCTION AT NEW START POINT, WITH IFLAG=4.
 START MIGRAD MINIMIZATION.  STRATEGY  1.  CONVERGENCE WHEN EDM .LT. 1.00e-03
 FCN=3.0254e+06 FROM MIGRAD    STATUS=INITIATE      117 CALLS         118 TOTAL
                     EDM= unknown      STRATEGY= 1      NO ERROR MATRIX       
  EXT PARAMETER               CURRENT GUESS       STEP         FIRST   
  NO.   NAME      VALUE            ERROR          SIZE      DERIVATIVE 
   1  #mu          1.45450e-01   3.00000e-05   0.00000e+00   4.74791e+02
   2  #sigma       4.00000e-04   6.00000e-05   0.00000e+00   1.55939e+00
   3  #sigma_{L}   1.05000e-03   9.00000e-05   0.00000e+00  -7.15096e+03
   4  #sigma_{R}   6.00087e-04   1.10000e-04   0.00000e+00   3.97469e+00
   5  A            0.00000e+00   1.00000e+01   0.00000e+00   4.38039e+05
   6  B           -8.84749e-01   1.00000e+01  -1.76959e-02   4.23627e+06
   7  C            1.50000e-01   3.00000e-02   0.00000e+00  -7.08022e+04
   8  N_{Bkg}      5.00000e+06   1.00000e+06   0.00000e+00   4.90044e+06
   9  N_{Signal}   9.00000e+03   1.80000e+03   0.00000e+00   8.14309e+03
  10  R            5.00000e-01   1.00000e-01   0.00000e+00   6.63736e+02
  11  m_{0}        1.40250e-01   3.50000e-04   0.00000e+00   3.84361e+04
                               ERR DEF= 0.5
 MIGRAD FAILS TO FIND IMPROVEMENT
 MACHINE ACCURACY LIMITS FURTHER IMPROVEMENT.
 MIGRAD MINIMIZATION HAS CONVERGED.
 MIGRAD WILL VERIFY CONVERGENCE AND ERROR MATRIX.
 MINUIT WARNING IN HESSE   
 ============== Negative diagonal element 2 in Error Matrix
 MINUIT WARNING IN HESSE   
 ============== 1.11608 added to diagonal of error matrix
 EIGENVALUES OF SECOND-DERIVATIVE MATRIX:
        -4.2680e-01  3.4413e-02  5.3725e-02  9.9790e-02  3.4056e-01  4.2794e-01  8.9612e-01  1.3266e+00  1.4666e+00  2.9425e+00  3.8385e+00
 MINUIT WARNING IN HESSE   
 ============== MATRIX FORCED POS-DEF BY ADDING 0.430635 TO DIAGONAL.
 FCN=-1.50435e+06 FROM HESSE     STATUS=NOT POSDEF    118 CALLS        1889 TOTAL
                     EDM=22.8854    STRATEGY= 1      ERR MATRIX NOT POS-DEF
  EXT PARAMETER                APPROXIMATE        STEP         FIRST   
  NO.   NAME      VALUE            ERROR          SIZE      DERIVATIVE 
   1  #mu          1.45386e-01   3.99996e-05   2.82075e-01   1.70142e-01
   2  #sigma       6.99808e-04   3.87450e-04   5.00000e-01   5.71670e-02
   3  #sigma_{L}   1.34684e-03   1.38082e-04   3.11177e-01   1.26994e+00
   4  #sigma_{R}   1.06801e-03   1.05382e-04   1.63674e-01  -1.64307e-01
   5  A           -6.56549e+00   6.62276e-01   1.73880e-03   9.60854e+01
   6  B           -3.97831e-01   1.37846e-01   3.30790e-04   9.57037e+00
   7  C            4.95407e-02   8.42522e-02   5.68941e-02   5.96898e+00
   8  N_{Bkg}      9.51118e+04   3.94212e+02   2.75679e-04   3.66871e+01
   9  N_{Signal}   5.28364e+03   3.97747e+02   1.93021e-02  -1.87324e-02
  10  R            4.09775e-01   8.04474e-02   1.23663e-01   2.74043e-01
  11  m_{0}        1.38510e-01   1.96690e-05   9.84677e-02  -3.66087e+00
                               ERR DEF= 0.5
 MINUIT WARNING IN MIGRAD  
 ============== Negative diagonal element 7 in Error Matrix
 MINUIT WARNING IN MIGRAD  
 ============== 1.03639 added to diagonal of error matrix
 MIGRAD FAILS TO FIND IMPROVEMENT
 MIGRAD MINIMIZATION HAS CONVERGED.
 MIGRAD WILL VERIFY CONVERGENCE AND ERROR MATRIX.
 EIGENVALUES OF SECOND-DERIVATIVE MATRIX:
        -1.4219e-02  6.0358e-03  2.4297e-02  7.1186e-02  2.3113e-01  5.1038e-01  7.3790e-01  1.3899e+00  1.5652e+00  2.4497e+00  4.0285e+00
 MINUIT WARNING IN HESSE   
 ============== MATRIX FORCED POS-DEF BY ADDING 0.018248 TO DIAGONAL.
 MIGRAD TERMINATED WITHOUT CONVERGENCE.
 FCN=-1.50436e+06 FROM MIGRAD    STATUS=FAILED       3135 CALLS        3136 TOTAL
                     EDM=2.72353    STRATEGY= 1      ERR MATRIX NOT POS-DEF
  EXT PARAMETER                APPROXIMATE        STEP         FIRST   
  NO.   NAME      VALUE            ERROR          SIZE      DERIVATIVE 
   1  #mu          1.45346e-01   1.92921e-04   3.41188e-01  -5.23852e-01
   2  #sigma       5.24521e-04   7.63960e-05   2.14807e-01   4.70828e-01
   3  #sigma_{L}   1.09323e-03   2.97154e-04   1.29326e-01  -2.01284e-02
   4  #sigma_{R}   1.44083e-03   6.68786e-04   1.51169e-01  -3.25826e-01
   5  A           -2.20182e+01   7.22599e+00   1.40723e-02  -1.07150e+00
   6  B            2.10772e+00   1.87001e-01   8.78541e-04   1.27634e+01
   7  C            1.92741e-02   2.29962e-03   5.01870e-03   1.71944e+00
   8  N_{Bkg}      9.37784e+04   1.31089e+03   2.77402e-04  -2.15020e+01
   9  N_{Signal}   6.62303e+03   1.28573e+03   1.94885e-02  -3.89215e-01
  10  R            1.73962e-01   6.61333e-02   8.01649e-02   2.52652e-01
  11  m_{0}        1.38931e-01   1.66793e-04   2.33716e-02   6.51375e-01
                               ERR DEF= 0.5
 EXTERNAL ERROR MATRIX.    NDIM=  25    NPAR= 11    ERR DEF=0.5
  5.851e-08 
 -4.714e-10  5.995e-09 
 -6.669e-08  2.573e-09  1.056e-07 
  1.224e-07  5.148e-10 -9.560e-08  3.653e-07 
  1.322e-03 -9.332e-06 -1.127e-03  4.021e-03  5.267e+01 
  2.740e-06 -4.793e-07 -1.311e-05 -9.972e-06 -6.729e-02  3.497e-02 
 -2.447e-07 -1.761e-09  1.274e-07 -8.826e-07 -1.187e-02 -1.990e-04  5.290e-06 
 -1.650e-01 -4.341e-03  3.721e-02 -6.747e-01 -7.842e+03  5.687e+01  2.003e+00  1.718e+06 
  1.666e-01  4.382e-03 -3.759e-02  6.813e-01  7.920e+03 -5.744e+01 -2.023e+00 -1.642e+06  1.665e+06 
  1.687e-06 -9.291e-07  5.211e-06  1.861e-05  1.659e-01 -1.764e-03 -4.666e-05 -4.239e+01  4.280e+01  4.419e-03 
  3.104e-08 -6.101e-10 -3.527e-08  7.984e-08  1.094e-03  2.419e-06 -2.007e-07 -1.259e-01  1.271e-01  2.183e-06  2.802e-08 
ERR MATRIX NOT POS-DEF
 PARAMETER  CORRELATION COEFFICIENTS  
       NO.  GLOBAL      1      2      3      4      5      6      7      8      9     10     11
        1  0.98411   1.000 -0.025 -0.849  0.837  0.753  0.061 -0.440 -0.520  0.534  0.105  0.767
        2  0.46945  -0.025  1.000  0.102  0.011 -0.017 -0.033 -0.010 -0.043  0.044 -0.181 -0.047
        3  0.97784  -0.849  0.102  1.000 -0.487 -0.478 -0.216  0.171  0.087 -0.090  0.241 -0.649
        4  0.99056   0.837  0.011 -0.487  1.000  0.917 -0.088 -0.635 -0.851  0.873  0.463  0.789
        5  0.99483   0.753 -0.017 -0.478  0.917  1.000 -0.050 -0.711 -0.824  0.846  0.344  0.901
        6  0.96160   0.061 -0.033 -0.216 -0.088 -0.050  1.000 -0.463  0.232 -0.238 -0.142  0.077
        7  0.98215  -0.440 -0.010  0.171 -0.635 -0.711 -0.463  1.000  0.664 -0.682 -0.305 -0.521
        8  0.97111  -0.520 -0.043  0.087 -0.851 -0.824  0.232  0.664  1.000 -0.971 -0.486 -0.574
        9  0.98817   0.534  0.044 -0.090  0.873  0.846 -0.238 -0.682 -0.971  1.000  0.499  0.589
       10  0.84537   0.105 -0.181  0.241  0.463  0.344 -0.142 -0.305 -0.486  0.499  1.000  0.196
       11  0.98221   0.767 -0.047 -0.649  0.789  0.901  0.077 -0.521 -0.574  0.589  0.196  1.000
 ERR MATRIX NOT POS-DEF
 **********
 **    7 **SET ERR         0.5
 **********
 **********
 **    8 **SET PRINT           1
 **********
 **********
 **    9 **HESSE        5500
 **********
 COVARIANCE MATRIX CALCULATED SUCCESSFULLY
 FCN=-1.50436e+06 FROM HESSE     STATUS=OK            100 CALLS        3236 TOTAL
                     EDM=0.26983    STRATEGY= 1      ERROR MATRIX ACCURATE 
  EXT PARAMETER                                INTERNAL      INTERNAL  
  NO.   NAME      VALUE            ERROR       STEP SIZE       VALUE   
   1  #mu          1.45346e-01   7.00591e-05   1.36475e-02  -7.05348e+00
   2  #sigma       5.24521e-04   1.34104e-04   8.59230e-03   3.81271e+01
   3  #sigma_{L}   1.09323e-03   2.09737e-04   5.17305e-03   9.32857e+00
   4  #sigma_{R}   1.44083e-03   2.80390e-04   6.04674e-03  -3.69876e+00
   5  A           -2.20182e+01   5.52805e+00   5.62894e-04  -4.56003e-01
   6  B            2.10772e+00   1.26906e+00   3.51416e-05   4.21668e-02
   7  C            1.92741e-02   1.18417e-02   2.00748e-04  -1.05827e+00
   8  N_{Bkg}      9.37784e+04   1.16701e+03   5.54803e-05  -1.76478e+00
   9  N_{Signal}   6.62303e+03   1.12542e+03   7.79542e-04  -1.54407e+01
  10  R            1.73962e-01   1.07122e-01   3.20660e-03   3.85191e+00
  11  m_{0}        1.38931e-01   1.12650e-04   9.34866e-04  -2.28763e+00
                               ERR DEF= 0.5
 EXTERNAL ERROR MATRIX.    NDIM=  25    NPAR= 11    ERR DEF=0.5
  5.819e-09 
  3.247e-09  1.965e-08 
 -1.054e-08 -1.394e-08  4.764e-08 
 -2.388e-09 -2.070e-08  4.291e-08  9.046e-08 
 -3.776e-05 -1.610e-04  4.122e-04  1.111e-03  3.072e+01 
  1.798e-06  9.511e-07 -1.124e-05 -1.765e-06  2.835e+00  1.611e+00 
  2.422e-08  7.338e-08 -2.224e-07 -4.815e-07 -3.542e-02 -1.483e-02  1.415e-04 
  2.187e-02  4.994e-02 -1.809e-01 -2.903e-01 -4.527e+03  3.327e+01  2.032e+00  1.362e+06 
 -2.187e-02 -4.992e-02  1.808e-01  2.902e-01  4.525e+03 -3.326e+01 -2.031e+00 -1.268e+06  1.274e+06 
 -3.218e-06 -1.269e-05  1.490e-05  1.955e-05  1.063e-01 -1.313e-03 -5.294e-05 -4.214e+01  4.213e+01  1.179e-02 
  7.723e-10 -9.563e-10 -3.198e-09  1.024e-08  4.061e-04  7.314e-06 -1.150e-07 -2.732e-02  2.731e-02  5.417e-08  1.273e-08 
 PARAMETER  CORRELATION COEFFICIENTS  
       NO.  GLOBAL      1      2      3      4      5      6      7      8      9     10     11
        1  0.82506   1.000  0.304 -0.633 -0.104 -0.089  0.019  0.027  0.246 -0.254 -0.388  0.090
        2  0.86474   0.304  1.000 -0.456 -0.491 -0.207  0.005  0.044  0.305 -0.316 -0.834 -0.060
        3  0.94947  -0.633 -0.456  1.000  0.654  0.341 -0.041 -0.086 -0.710  0.734  0.628 -0.130
        4  0.96041  -0.104 -0.491  0.654  1.000  0.666 -0.005 -0.135 -0.827  0.855  0.598  0.302
        5  0.99093  -0.089 -0.207  0.341  0.666  1.000  0.403 -0.537 -0.700  0.724  0.177  0.649
        6  0.99917   0.019  0.005 -0.041 -0.005  0.403  1.000 -0.982  0.022 -0.023 -0.010  0.051
        7  0.99933   0.027  0.044 -0.086 -0.135 -0.537 -0.982  1.000  0.146 -0.151 -0.041 -0.086
        8  0.96272   0.246  0.305 -0.710 -0.827 -0.700  0.022  0.146  1.000 -0.962 -0.333 -0.208
        9  0.98422  -0.254 -0.316  0.734  0.855  0.724 -0.023 -0.151 -0.962  1.000  0.344  0.214
       10  0.94408  -0.388 -0.834  0.628  0.598  0.177 -0.010 -0.041 -0.333  0.344  1.000  0.004
       11  0.95964   0.090 -0.060 -0.130  0.302  0.649  0.051 -0.086 -0.208  0.214  0.004  1.000
[#1] INFO:Minization -- RooMinimizer::optimizeConst: deactivating const optimization
[#1] INFO:Eval -- RooRealVar::setRange(deltam) new range named 'ThreeSigma' created with bounds [0.142066,0.149668]
[#1] INFO:NumericIntegration -- RooRealIntegral::init(bkg_Int[bcsflag,deltam,nb|ThreeSigma]) using numeric integrator RooIntegrator1D to calculate Int(deltam)

  RooFitResult: minimized FCN value: -1.50436e+06, estimated distance to minimum: 0.26983
                covariance matrix quality: Full, accurate covariance matrix
                Status : MINIMIZE=-1 HESSE=4 

    Floating Parameter    FinalValue +/-  Error   
  --------------------  --------------------------
                   #mu    1.4535e-01 +/-  7.01e-05
                #sigma    5.2452e-04 +/-  1.34e-04
            #sigma_{L}    1.0932e-03 +/-  2.10e-04
            #sigma_{R}    1.4408e-03 +/-  2.80e-04
                     A   -2.2018e+01 +/-  5.53e+00
                     B    2.1077e+00 +/-  1.27e+00
                     C    1.9274e-02 +/-  1.18e-02
               N_{Bkg}    9.3778e+04 +/-  1.17e+03
            N_{Signal}    6.6230e+03 +/-  1.13e+03
                     R    1.7396e-01 +/-  1.07e-01
                 m_{0}    1.3893e-01 +/-  1.13e-04

[#0] WARNING:Plotting -- Cannot apply a bin width correction and use Poisson errors. Not correcting for bin width.
[#1] INFO:Plotting -- RooAbsPdf::plotOn(pdf) p.d.f was fitted in a subrange and no explicit Range() and NormRange() was specified. Plotting / normalising in fit range. To override, do one of the following
	- Clear the automatic fit range attribute: <pdf>.setStringAttribute("fitrange", nullptr);
	- Explicitly specify the plotting range: Range("<rangeName>").
	- Explicitly specify where to compute the normalisation: NormRange("<rangeName>").
	The default (full) range can be denoted with Range("") / NormRange("").
[#1] INFO:Plotting -- RooAbsPdf::plotOn(pdf) only plotting range 'fit_nll_pdf_data'
[#1] INFO:Plotting -- RooAbsPdf::plotOn(pdf) p.d.f. curve is normalized using explicit choice of ranges 'fit_nll_pdf_data'
[#1] INFO:Plotting -- RooAbsPdf::plotOn(pdf) directly selected PDF components: (sig)
[#1] INFO:Plotting -- RooAbsPdf::plotOn(pdf) indirectly selected PDF components: (gauss,bifurG)
[#1] INFO:NumericIntegration -- RooRealIntegral::init(bkg_Int[deltam]) using numeric integrator RooIntegrator1D to calculate Int(deltam)
[#1] INFO:NumericIntegration -- RooRealIntegral::init(pdf_Int[deltam|fit_nll_pdf_data]_Norm[deltam]) using numeric integrator RooIntegrator1D to calculate Int(deltam)
[#1] INFO:Plotting -- RooAbsPdf::plotOn(pdf) p.d.f was fitted in a subrange and no explicit Range() and NormRange() was specified. Plotting / normalising in fit range. To override, do one of the following
	- Clear the automatic fit range attribute: <pdf>.setStringAttribute("fitrange", nullptr);
	- Explicitly specify the plotting range: Range("<rangeName>").
	- Explicitly specify where to compute the normalisation: NormRange("<rangeName>").
	The default (full) range can be denoted with Range("") / NormRange("").
[#1] INFO:Plotting -- RooAbsPdf::plotOn(pdf) only plotting range 'fit_nll_pdf_data'
[#1] INFO:Plotting -- RooAbsPdf::plotOn(pdf) p.d.f. curve is normalized using explicit choice of ranges 'fit_nll_pdf_data'
[#1] INFO:Plotting -- RooAbsPdf::plotOn(pdf) directly selected PDF components: (bkg)
[#1] INFO:Plotting -- RooAbsPdf::plotOn(pdf) indirectly selected PDF components: ()
[#1] INFO:NumericIntegration -- RooRealIntegral::init(bkg_Int[deltam]) using numeric integrator RooIntegrator1D to calculate Int(deltam)
[#1] INFO:NumericIntegration -- RooRealIntegral::init(pdf_Int[deltam|fit_nll_pdf_data]_Norm[deltam]) using numeric integrator RooIntegrator1D to calculate Int(deltam)
[#1] INFO:Plotting -- RooAbsPdf::plotOn(pdf) p.d.f was fitted in a subrange and no explicit Range() and NormRange() was specified. Plotting / normalising in fit range. To override, do one of the following
	- Clear the automatic fit range attribute: <pdf>.setStringAttribute("fitrange", nullptr);
	- Explicitly specify the plotting range: Range("<rangeName>").
	- Explicitly specify where to compute the normalisation: NormRange("<rangeName>").
	The default (full) range can be denoted with Range("") / NormRange("").
[#1] INFO:Plotting -- RooAbsPdf::plotOn(pdf) only plotting range 'fit_nll_pdf_data'
[#1] INFO:Plotting -- RooAbsPdf::plotOn(pdf) p.d.f. curve is normalized using explicit choice of ranges 'fit_nll_pdf_data'
[#1] INFO:NumericIntegration -- RooRealIntegral::init(bkg_Int[deltam]) using numeric integrator RooIntegrator1D to calculate Int(deltam)
[#1] INFO:NumericIntegration -- RooRealIntegral::init(pdf_Int[deltam|fit_nll_pdf_data]_Norm[deltam]) using numeric integrator RooIntegrator1D to calculate Int(deltam)
